::1 - - [22/Jul/2019:16:37:21 +0000] "GET /products HTTP/1.1" 200 4317 "-" "PostmanRuntime/7.6.0"
::1 - - [22/Jul/2019:16:37:49 +0000] "GET /products/15a4f840-aae0-11e9-bccc-474d277300b2 HTTP/1.1" 404 12 "-" "PostmanRuntime/7.6.0"
::1 - - [22/Jul/2019:16:38:18 +0000] "GET /products/15a4d130-aae0-11e9-bccc-474d277300b2 HTTP/1.1" 200 136 "-" "PostmanRuntime/7.6.0"
::1 - - [22/Jul/2019:16:38:50 +0000] "POST /products HTTP/1.1" 201 45 "-" "PostmanRuntime/7.6.0"
::1 - - [22/Jul/2019:16:39:40 +0000] "GET /products HTTP/1.1" 200 4363 "-" "PostmanRuntime/7.6.0"
::1 - - [22/Jul/2019:16:40:21 +0000] "GET /products/2f959320-ac9f-11e9-996d-ddeaf5b38940 HTTP/1.1" 200 45 "-" "PostmanRuntime/7.6.0"
::1 - - [22/Jul/2019:16:42:17 +0000] "POST /products HTTP/1.1" 201 45 "-" "PostmanRuntime/7.6.0"
::1 - - [22/Jul/2019:16:42:58 +0000] "POST /products HTTP/1.1" 201 45 "-" "PostmanRuntime/7.6.0"
::1 - - [22/Jul/2019:16:43:33 +0000] "POST /products HTTP/1.1" 201 130 "-" "PostmanRuntime/7.6.0"
::1 - - [22/Jul/2019:16:43:37 +0000] "GET /products HTTP/1.1" 200 4448 "-" "PostmanRuntime/7.6.0"
::1 - - [22/Jul/2019:16:45:04 +0000] "PUT /products/5a4d130-aae0-11e9-bccc-474d277300b2 HTTP/1.1" 400 20 "-" "PostmanRuntime/7.6.0"
::1 - - [22/Jul/2019:16:45:30 +0000] "PUT /products/d7fa3f70-ac9f-11e9-bfd7-33d79eb1204a HTTP/1.1" 404 17 "-" "PostmanRuntime/7.6.0"
::1 - - [22/Jul/2019:16:45:42 +0000] "GET /products HTTP/1.1" 200 4317 "-" "PostmanRuntime/7.6.0"
::1 - - [22/Jul/2019:16:46:02 +0000] "POST /products HTTP/1.1" 201 130 "-" "PostmanRuntime/7.6.0"
::1 - - [22/Jul/2019:16:46:07 +0000] "GET /products HTTP/1.1" 200 4448 "-" "PostmanRuntime/7.6.0"
::1 - - [22/Jul/2019:16:46:33 +0000] "GET /products/3102c240-aca0-11e9-9786-c1069b0e04dc HTTP/1.1" 200 130 "-" "PostmanRuntime/7.6.0"
::1 - - [22/Jul/2019:16:47:27 +0000] "PUT /products/15a4d130-aae0-11e9-bccc-474d277300b2 HTTP/1.1" 200 130 "-" "PostmanRuntime/7.6.0"
::1 - - [22/Jul/2019:16:47:33 +0000] "PUT /products/15a4d130-aae0-11e9-bccc-474d277300b3 HTTP/1.1" 404 17 "-" "PostmanRuntime/7.6.0"
::1 - - [22/Jul/2019:16:47:55 +0000] "DELETE /products/15a4d130-aae0-11e9-bccc-474d277300b23 HTTP/1.1" 400 20 "-" "PostmanRuntime/7.6.0"
::1 - - [22/Jul/2019:16:47:59 +0000] "DELETE /products/15a4d130-aae0-11e9-bccc-474d277300b2 HTTP/1.1" 204 - "-" "PostmanRuntime/7.6.0"
::1 - - [22/Jul/2019:16:53:46 +0000] "GET /categories HTTP/1.1" 200 143 "-" "PostmanRuntime/7.6.0"
::1 - - [22/Jul/2019:16:53:53 +0000] "GET /categorie HTTP/1.1" 404 148 "-" "PostmanRuntime/7.6.0"
::1 - - [22/Jul/2019:16:54:03 +0000] "GET /categories HTTP/1.1" 200 143 "-" "PostmanRuntime/7.6.0"
::1 - - [22/Jul/2019:16:55:38 +0000] "GET /categories/15a4f842-aae0-11e9-bccc-474d277300b2/products HTTP/1.1" 200 1462 "-" "PostmanRuntime/7.6.0"
::1 - - [22/Jul/2019:16:55:51 +0000] "GET /categories/15a4f842-aae0-11e9-bccc-474d277300b/products HTTP/1.1" 400 20 "-" "PostmanRuntime/7.6.0"
::1 - - [22/Jul/2019:16:55:55 +0000] "GET /categories/15a4f842-aae0-11e9-bccc-474d277300b2/products HTTP/1.1" 200 1462 "-" "PostmanRuntime/7.6.0"
::1 - - [22/Jul/2019:16:56:05 +0000] "GET /categories/15a4f842-aae0-11e9-bccc-474d277300b3/products HTTP/1.1" 404 24 "-" "PostmanRuntime/7.6.0"
::1 - - [22/Jul/2019:16:57:01 +0000] "GET /categories/15a4f842-aae0-11e9-bccc-474d277300b2/products HTTP/1.1" 200 1462 "-" "PostmanRuntime/7.6.0"
::1 - - [22/Jul/2019:16:57:05 +0000] "GET /categories/15a4f842-aae0-11e9-bccc-474d277300b3/products HTTP/1.1" 404 33 "-" "PostmanRuntime/7.6.0"
::1 - - [22/Jul/2019:16:57:09 +0000] "GET /categories/15a4f842-aae0-11e9-bccc-474d277300b2/products HTTP/1.1" 200 1462 "-" "PostmanRuntime/7.6.0"
::1 - - [22/Jul/2019:16:57:39 +0000] "GET /categories/15a4f840-aae0-11e9-bccc-474d277300b2 HTTP/1.1" 200 68 "-" "PostmanRuntime/7.6.0"
::1 - - [22/Jul/2019:16:57:45 +0000] "GET /categories/15a4f840-aae0-11e9-bccc-474d277300b3 HTTP/1.1" 404 24 "-" "PostmanRuntime/7.6.0"
::1 - - [22/Jul/2019:16:57:50 +0000] "GET /categories/15a4f840-aae0-11e9-bccc-474d277300b HTTP/1.1" 400 20 "-" "PostmanRuntime/7.6.0"
::1 - - [22/Jul/2019:16:57:53 +0000] "GET /categories/15a4f840-aae0-11e9-bccc-474d277300b2 HTTP/1.1" 200 68 "-" "PostmanRuntime/7.6.0"
::1 - - [22/Jul/2019:16:58:53 +0000] "POST /categories HTTP/1.1" 201 70 "-" "PostmanRuntime/7.6.0"
::1 - - [22/Jul/2019:16:58:59 +0000] "GET /categories HTTP/1.1" 200 214 "-" "PostmanRuntime/7.6.0"
::1 - - [22/Jul/2019:16:59:34 +0000] "POST /categories HTTP/1.1" 201 57 "-" "PostmanRuntime/7.6.0"
::1 - - [22/Jul/2019:17:02:05 +0000] "PUT /categories/14c03110-aca2-11e9-a38a-b5263460c861 HTTP/1.1" 200 66 "-" "PostmanRuntime/7.6.0"
::1 - - [22/Jul/2019:17:02:10 +0000] "PUT /categories/14c03110-aca2-11e9-a38a-b5263460c862 HTTP/1.1" 404 16 "-" "PostmanRuntime/7.6.0"
::1 - - [22/Jul/2019:17:02:21 +0000] "PUT /categories/14c03110-aca2-11e9-a38a-b5263460c8611 HTTP/1.1" 400 20 "-" "PostmanRuntime/7.6.0"
::1 - - [22/Jul/2019:17:02:40 +0000] "DELETE /categories/14c03110-aca2-11e9-a38a-b5263460c861 HTTP/1.1" 204 - "-" "PostmanRuntime/7.6.0"
::1 - - [22/Jul/2019:17:02:45 +0000] "GET /categories HTTP/1.1" 200 214 "-" "PostmanRuntime/7.6.0"
::1 - - [22/Jul/2019:18:30:34 +0000] "GET /products/3102c240-aca0-11e9-9786-c1069b0e04dc HTTP/1.1" 404 12 "-" "PostmanRuntime/7.6.0"
::1 - - [22/Jul/2019:18:30:40 +0000] "GET /products HTTP/1.1" 200 4317 "-" "PostmanRuntime/7.6.0"
::1 - - [22/Jul/2019:18:30:59 +0000] "GET /products/15a4d130-aae0-11e9-bccc-474d277300b2 HTTP/1.1" 404 12 "-" "PostmanRuntime/7.6.0"
::1 - - [22/Jul/2019:18:31:01 +0000] "GET /products/15a4d130-aae0-11e9-bccc-474d277300b2 HTTP/1.1" 404 12 "-" "PostmanRuntime/7.6.0"
::1 - - [22/Jul/2019:18:31:49 +0000] "GET /products/15a4d130-aae0-11e9-bccc-474d277300b2 HTTP/1.1" 404 12 "-" "PostmanRuntime/7.6.0"
::1 - - [22/Jul/2019:18:32:13 +0000] "GET /products/15a4d130-aae0-11e9-bccc-474d277300b2 HTTP/1.1" 404 12 "-" "PostmanRuntime/7.6.0"
::1 - - [22/Jul/2019:18:32:14 +0000] "GET /products/15a4d130-aae0-11e9-bccc-474d277300b2 HTTP/1.1" 404 12 "-" "PostmanRuntime/7.6.0"
::1 - - [22/Jul/2019:18:32:22 +0000] "GET /products/15a4d130-aae0-11e9-bccc-474d277300b2 HTTP/1.1" 404 12 "-" "PostmanRuntime/7.6.0"
::1 - - [22/Jul/2019:18:32:28 +0000] "GET /products/15a4d130-aae0-11e9-bccc-474d277300b2 HTTP/1.1" 404 12 "-" "PostmanRuntime/7.6.0"
::1 - - [22/Jul/2019:18:32:29 +0000] "GET /products/15a4d130-aae0-11e9-bccc-474d277300b2 HTTP/1.1" 404 12 "-" "PostmanRuntime/7.6.0"
::1 - - [22/Jul/2019:18:32:30 +0000] "GET /products/15a4d130-aae0-11e9-bccc-474d277300b2 HTTP/1.1" 404 12 "-" "PostmanRuntime/7.6.0"
::1 - - [22/Jul/2019:18:32:35 +0000] "GET /products/15a4d130-aae0-11e9-bccc-474d277300b2 HTTP/1.1" 404 12 "-" "PostmanRuntime/7.6.0"
::1 - - [22/Jul/2019:18:32:36 +0000] "GET /products/15a4d130-aae0-11e9-bccc-474d277300b2 HTTP/1.1" 404 12 "-" "PostmanRuntime/7.6.0"
::1 - - [22/Jul/2019:18:32:36 +0000] "GET /products/15a4d130-aae0-11e9-bccc-474d277300b2 HTTP/1.1" 404 12 "-" "PostmanRuntime/7.6.0"
::1 - - [22/Jul/2019:18:32:37 +0000] "GET /products/15a4d130-aae0-11e9-bccc-474d277300b2 HTTP/1.1" 404 12 "-" "PostmanRuntime/7.6.0"
::1 - - [22/Jul/2019:18:32:37 +0000] "GET /products/15a4d130-aae0-11e9-bccc-474d277300b2 HTTP/1.1" 404 12 "-" "PostmanRuntime/7.6.0"
::1 - - [22/Jul/2019:18:32:37 +0000] "GET /products/15a4d130-aae0-11e9-bccc-474d277300b2 HTTP/1.1" 404 12 "-" "PostmanRuntime/7.6.0"
::1 - - [22/Jul/2019:18:32:38 +0000] "GET /products/15a4d130-aae0-11e9-bccc-474d277300b2 HTTP/1.1" 404 12 "-" "PostmanRuntime/7.6.0"
::1 - - [22/Jul/2019:18:32:38 +0000] "GET /products/15a4d130-aae0-11e9-bccc-474d277300b2 HTTP/1.1" 404 12 "-" "PostmanRuntime/7.6.0"
::1 - - [22/Jul/2019:18:34:15 +0000] "GET /products/15a4d130-aae0-11e9-bccc-474d277300b2 HTTP/1.1" 200 136 "-" "PostmanRuntime/7.6.0"
::1 - - [22/Jul/2019:18:35:13 +0000] "GET /products HTTP/1.1" 200 4317 "-" "PostmanRuntime/7.6.0"
::1 - - [22/Jul/2019:18:35:13 +0000] "GET /products/15a4d130-aae0-11e9-bccc-474d277300b2 HTTP/1.1" 200 136 "-" "PostmanRuntime/7.6.0"
::1 - - [22/Jul/2019:18:35:13 +0000] "POST /products HTTP/1.1" 201 130 "-" "PostmanRuntime/7.6.0"
::1 - - [22/Jul/2019:18:35:13 +0000] "PUT /products/15a4d130-aae0-11e9-bccc-474d277300b2 HTTP/1.1" 200 130 "-" "PostmanRuntime/7.6.0"
::1 - - [22/Jul/2019:18:35:13 +0000] "DELETE /products/15a4d130-aae0-11e9-bccc-474d277300b2 HTTP/1.1" 204 - "-" "PostmanRuntime/7.6.0"
::1 - - [22/Jul/2019:19:39:30 +0000] "GET /products HTTP/1.1" 200 4317 "-" "PostmanRuntime/7.6.0"
::1 - - [22/Jul/2019:19:40:25 +0000] "POST /products HTTP/1.1" 201 130 "-" "PostmanRuntime/7.6.0"
::1 - - [22/Jul/2019:19:41:30 +0000] "POST /products HTTP/1.1" 201 130 "-" "PostmanRuntime/7.6.0"
::1 - - [22/Jul/2019:19:41:52 +0000] "POST /products HTTP/1.1" 404 40 "-" "PostmanRuntime/7.6.0"
::1 - - [22/Jul/2019:19:42:14 +0000] "POST /products HTTP/1.1" 404 40 "-" "PostmanRuntime/7.6.0"
::1 - - [22/Jul/2019:19:42:20 +0000] "POST /products HTTP/1.1" 201 130 "-" "PostmanRuntime/7.6.0"
::1 - - [22/Jul/2019:19:56:18 +0000] "GET /categories HTTP/1.1" 200 143 "-" "PostmanRuntime/7.6.0"
::1 - - [22/Jul/2019:19:57:05 +0000] "PUT /categories/15a4f842-aae0-11e9-bccc-474d277300b3 HTTP/1.1" 200 65 "-" "PostmanRuntime/7.6.0"
::1 - - [22/Jul/2019:19:58:24 +0000] "PUT /categories/15a4f842-aae0-11e9-bccc-474d277300b3 HTTP/1.1" 404 16 "-" "PostmanRuntime/7.6.0"
::1 - - [22/Jul/2019:19:59:05 +0000] "PUT /categories/15a4f842-aae0-11e9-bccc-474d277300b3 HTTP/1.1" 404 186 "-" "PostmanRuntime/7.6.0"
::1 - - [22/Jul/2019:19:59:34 +0000] "PUT /categories/15a4f842-aae0-11e9-bccc-474d277300b3 HTTP/1.1" 404 16 "-" "PostmanRuntime/7.6.0"
::1 - - [22/Jul/2019:19:59:35 +0000] "PUT /categories/15a4f842-aae0-11e9-bccc-474d277300b3 HTTP/1.1" 404 16 "-" "PostmanRuntime/7.6.0"
::1 - - [22/Jul/2019:19:59:41 +0000] "PUT /categories/15a4f842-aae0-11e9-bccc-474d277300b2 HTTP/1.1" 200 65 "-" "PostmanRuntime/7.6.0"
::1 - - [22/Jul/2019:20:06:26 +0000] "GET /categories HTTP/1.1" 200 143 "-" "PostmanRuntime/7.6.0"
::1 - - [25/Jul/2019:09:16:13 +0000] "POST /products HTTP/1.1" 201 130 "-" "PostmanRuntime/7.6.0"
::1 - - [25/Jul/2019:09:16:26 +0000] "POST /products HTTP/1.1" 201 130 "-" "PostmanRuntime/7.6.0"
::1 - - [25/Jul/2019:09:18:17 +0000] "GET /products/15a4d130-aae0-11e9-bccc-474d277300b22 HTTP/1.1" 400 11 "-" "PostmanRuntime/7.6.0"
::1 - - [25/Jul/2019:09:20:22 +0000] "GET /products/15a4d130-aae0-11e9-bccc-474d277300b22 HTTP/1.1" 400 11 "-" "PostmanRuntime/7.6.0"
::1 - - [25/Jul/2019:09:20:50 +0000] "GET /products/15a4d130-aae0-11e9-bccc-474d277300b22 HTTP/1.1" 400 20 "-" "PostmanRuntime/7.6.0"
::1 - - [25/Jul/2019:09:23:42 +0000] "GET /products/15a4d130-aae0-11e9-bccc-474d277300b22 HTTP/1.1" 500 1402 "-" "PostmanRuntime/7.6.0"
::1 - - [25/Jul/2019:10:31:11 +0000] "GET /products HTTP/1.1" 200 4317 "-" "PostmanRuntime/7.6.0"
::1 - - [25/Jul/2019:10:31:16 +0000] "GET /products/15a4d130-aae0-11e9-bccc-474d277300b2 HTTP/1.1" 200 136 "-" "PostmanRuntime/7.6.0"
::1 - - [25/Jul/2019:10:31:20 +0000] "GET /products/15a4d130-aae0-11e9-bccc-474d277300b22 HTTP/1.1" 400 21 "-" "PostmanRuntime/7.6.0"
::1 - - [25/Jul/2019:10:31:32 +0000] "GET /products/15a4d130-aae0-11e9-bccc-474d277300b2 HTTP/1.1" 200 136 "-" "PostmanRuntime/7.6.0"
::1 - - [25/Jul/2019:10:31:43 +0000] "POST /products HTTP/1.1" 400 37 "-" "PostmanRuntime/7.6.0"
::1 - - [25/Jul/2019:14:33:36 +0000] "GET /products HTTP/1.1" 200 4317 "-" "PostmanRuntime/7.6.0"
::1 - - [25/Jul/2019:14:33:42 +0000] "GET /products/15a4d130-aae0-11e9-bccc-474d277300b2 HTTP/1.1" 200 136 "-" "PostmanRuntime/7.6.0"
::1 - - [25/Jul/2019:14:33:48 +0000] "GET /products/15a4d130-aae0-11e9-bccc-474d277300b22 HTTP/1.1" 400 21 "-" "PostmanRuntime/7.6.0"
::1 - - [25/Jul/2019:14:33:54 +0000] "GET /products/15a4d130-aae0-11e9-bccc-474d277300b2 HTTP/1.1" 200 136 "-" "PostmanRuntime/7.6.0"
::1 - - [25/Jul/2019:14:33:56 +0000] "POST /products HTTP/1.1" 400 37 "-" "PostmanRuntime/7.6.0"
::1 - - [25/Jul/2019:14:34:03 +0000] "POST /products HTTP/1.1" 201 130 "-" "PostmanRuntime/7.6.0"
::1 - - [27/Jul/2019:14:51:57 +0000] "GET /products HTTP/1.1" 200 4317 "-" "PostmanRuntime/7.6.0"
::1 - - [27/Jul/2019:14:52:02 +0000] "GET /products/15a4d130-aae0-11e9-bccc-474d277300b2 HTTP/1.1" 200 136 "-" "PostmanRuntime/7.6.0"
::1 - - [27/Jul/2019:14:52:11 +0000] "POST /products HTTP/1.1" 201 130 "-" "PostmanRuntime/7.6.0"
::1 - - [27/Jul/2019:17:16:59 +0000] "POST /products HTTP/1.1" 201 130 "-" "PostmanRuntime/7.6.0"
::1 - - [27/Jul/2019:17:17:53 +0000] "DELETE /products/57ca4ba0-b092-11e9-8b2a-2d649eb9e7611 HTTP/1.1" 404 17 "-" "PostmanRuntime/7.6.0"
::1 - - [27/Jul/2019:17:21:46 +0000] "GET /products HTTP/1.1" 200 4317 "-" "PostmanRuntime/7.6.0"
::1 - - [27/Jul/2019:17:22:04 +0000] "DELETE /products/15a4d130-aae0-11e9-bccc-474d277300b22 HTTP/1.1" 400 21 "-" "PostmanRuntime/7.6.0"
::1 - - [27/Jul/2019:17:22:27 +0000] "DELETE /products/15a4d130-aae0-11e9-bccc-474d277300b2 HTTP/1.1" 204 - "-" "PostmanRuntime/7.6.0"
::1 - - [27/Jul/2019:17:23:58 +0000] "GET /products HTTP/1.1" 200 4317 "-" "PostmanRuntime/7.6.0"
::1 - - [27/Jul/2019:17:24:13 +0000] "DELETE /products/15a4d130-aae0-11e9-bccc-474d277300b22 HTTP/1.1" 400 21 "-" "PostmanRuntime/7.6.0"
::1 - - [27/Jul/2019:17:24:46 +0000] "DELETE /products/15a4d130-aae0-11e9-bccc-474d277300b22 HTTP/1.1" 400 21 "-" "PostmanRuntime/7.6.0"
::1 - - [27/Jul/2019:17:25:09 +0000] "DELETE /products/15a4d130-aae0-11e9-bccc-474d277300b HTTP/1.1" 400 21 "-" "PostmanRuntime/7.6.0"
::1 - - [27/Jul/2019:17:25:20 +0000] "DELETE /products/15a4d130-aae0-11e9-bccc-474d277300b2 HTTP/1.1" 204 - "-" "PostmanRuntime/7.6.0"
::1 - - [27/Jul/2019:17:25:28 +0000] "GET /products HTTP/1.1" 200 4180 "-" "PostmanRuntime/7.6.0"
::1 - - [27/Jul/2019:17:25:35 +0000] "DELETE /products/15a4d130-aae0-11e9-bccc-474d277300b2 HTTP/1.1" 404 17 "-" "PostmanRuntime/7.6.0"
::1 - - [27/Jul/2019:17:26:20 +0000] "DELETE /products/15a4f841-aae0-11e9-bccc-474d277300b2 HTTP/1.1" 204 - "-" "PostmanRuntime/7.6.0"
::1 - - [27/Jul/2019:17:28:55 +0000] "POST /products HTTP/1.1" 400 37 "-" "PostmanRuntime/7.6.0"
::1 - - [27/Jul/2019:17:29:27 +0000] "POST /products HTTP/1.1" 400 37 "-" "PostmanRuntime/7.6.0"
::1 - - [27/Jul/2019:17:30:13 +0000] "POST /products HTTP/1.1" 400 37 "-" "PostmanRuntime/7.6.0"
::1 - - [27/Jul/2019:17:30:52 +0000] "POST /products HTTP/1.1" 400 37 "-" "PostmanRuntime/7.6.0"
::1 - - [27/Jul/2019:18:19:58 +0000] "GET /products/static/categories.json HTTP/1.1" 404 170 "-" "PostmanRuntime/7.6.0"
::1 - - [27/Jul/2019:18:20:14 +0000] "GET /static/categories.json HTTP/1.1" 200 181 "-" "PostmanRuntime/7.6.0"
::1 - - [27/Jul/2019:18:24:46 +0000] "GET /static/products.json HTTP/1.1" 200 5219 "-" "PostmanRuntime/7.6.0"
::1 - - [27/Jul/2019:19:54:05 +0000] "GET /static/categories.json HTTP/1.1" 200 181 "-" "PostmanRuntime/7.6.0"
::ffff:127.0.0.1 - - [27/Jul/2019:22:10:32 +0000] "GET /static/categories.json HTTP/1.1" 200 181 "-" "-"
::1 - - [27/Jul/2019:22:10:32 +0000] "GET /categories HTTP/1.1" 200 181 "-" "PostmanRuntime/7.6.0"
::ffff:127.0.0.1 - - [27/Jul/2019:22:10:45 +0000] "GET /static/categories.json HTTP/1.1" 200 181 "-" "-"
::1 - - [27/Jul/2019:22:10:45 +0000] "GET /categories HTTP/1.1" 200 181 "-" "PostmanRuntime/7.6.0"
::ffff:127.0.0.1 - - [27/Jul/2019:22:13:47 +0000] "GET /static/categories.json HTTP/1.1" 200 181 "-" "-"
::1 - - [27/Jul/2019:22:13:47 +0000] "GET /categories HTTP/1.1" 200 181 "-" "PostmanRuntime/7.6.0"
::1 - - [27/Jul/2019:22:13:49 +0000] "GET /categories HTTP/1.1" 200 - "-" "PostmanRuntime/7.6.0"
::1 - - [27/Jul/2019:22:13:52 +0000] "GET /categories HTTP/1.1" 200 - "-" "PostmanRuntime/7.6.0"
::1 - - [27/Jul/2019:22:13:53 +0000] "GET /categories HTTP/1.1" 200 - "-" "PostmanRuntime/7.6.0"
::1 - - [27/Jul/2019:22:13:53 +0000] "GET /categories HTTP/1.1" 200 - "-" "PostmanRuntime/7.6.0"
::1 - - [27/Jul/2019:22:13:55 +0000] "GET /categories HTTP/1.1" 200 - "-" "PostmanRuntime/7.6.0"
::1 - - [27/Jul/2019:22:13:56 +0000] "GET /categories HTTP/1.1" 200 - "-" "PostmanRuntime/7.6.0"
::ffff:127.0.0.1 - - [27/Jul/2019:22:15:56 +0000] "GET /static/categories.json HTTP/1.1" 200 181 "-" "-"
::1 - - [27/Jul/2019:22:15:56 +0000] "GET /categories HTTP/1.1" 200 181 "-" "PostmanRuntime/7.6.0"
::1 - - [27/Jul/2019:22:15:56 +0000] "GET /categories HTTP/1.1" 200 181 "-" "PostmanRuntime/7.6.0"
::1 - - [27/Jul/2019:22:15:58 +0000] "GET /categories HTTP/1.1" 200 181 "-" "PostmanRuntime/7.6.0"
::1 - - [27/Jul/2019:22:15:59 +0000] "GET /categories HTTP/1.1" 200 181 "-" "PostmanRuntime/7.6.0"
::ffff:127.0.0.1 - - [27/Jul/2019:22:25:40 +0000] "GET /static/categories.json HTTP/1.1" 200 181 "-" "-"
::1 - - [27/Jul/2019:22:25:40 +0000] "GET /categories HTTP/1.1" 200 181 "-" "PostmanRuntime/7.6.0"
::1 - - [27/Jul/2019:22:25:46 +0000] "GET /categories HTTP/1.1" 200 181 "-" "PostmanRuntime/7.6.0"
::1 - - [27/Jul/2019:22:26:00 +0000] "GET /categories HTTP/1.1" 200 181 "-" "PostmanRuntime/7.6.0"
::1 - - [27/Jul/2019:22:26:27 +0000] "POST /categories HTTP/1.1" 500 2594 "-" "PostmanRuntime/7.6.0"
::1 - - [27/Jul/2019:22:30:07 +0000] "POST /categories HTTP/1.1" 201 70 "-" "PostmanRuntime/7.6.0"
::ffff:127.0.0.1 - - [27/Jul/2019:22:30:15 +0000] "GET /static/categories.json HTTP/1.1" 200 181 "-" "-"
::1 - - [27/Jul/2019:22:30:15 +0000] "GET /categories HTTP/1.1" 500 459 "-" "PostmanRuntime/7.6.0"
::ffff:127.0.0.1 - - [27/Jul/2019:22:30:40 +0000] "GET /static/categories.json HTTP/1.1" 200 181 "-" "-"
::1 - - [27/Jul/2019:22:30:40 +0000] "GET /categories HTTP/1.1" 500 459 "-" "PostmanRuntime/7.6.0"
::ffff:127.0.0.1 - - [27/Jul/2019:22:30:56 +0000] "GET /static/categories.json HTTP/1.1" 200 181 "-" "-"
::1 - - [27/Jul/2019:22:30:56 +0000] "GET /categories HTTP/1.1" 200 751 "-" "PostmanRuntime/7.6.0"
::ffff:127.0.0.1 - - [27/Jul/2019:22:31:29 +0000] "GET /static/categories.json HTTP/1.1" 200 181 "-" "-"
::1 - - [27/Jul/2019:22:31:29 +0000] "GET /categories HTTP/1.1" 500 477 "-" "PostmanRuntime/7.6.0"
::ffff:127.0.0.1 - - [27/Jul/2019:22:32:09 +0000] "GET /static/categories.json HTTP/1.1" 200 181 "-" "-"
::1 - - [27/Jul/2019:22:32:09 +0000] "GET /categories HTTP/1.1" 500 477 "-" "PostmanRuntime/7.6.0"
::ffff:127.0.0.1 - - [27/Jul/2019:22:32:54 +0000] "GET /static/categories.json HTTP/1.1" 200 181 "-" "-"
::1 - - [27/Jul/2019:22:32:54 +0000] "GET /categories HTTP/1.1" 500 477 "-" "PostmanRuntime/7.6.0"
::ffff:127.0.0.1 - - [27/Jul/2019:22:33:26 +0000] "GET /static/categories.json HTTP/1.1" 200 181 "-" "-"
::1 - - [27/Jul/2019:22:33:26 +0000] "GET /categories HTTP/1.1" 200 751 "-" "PostmanRuntime/7.6.0"
::ffff:127.0.0.1 - - [27/Jul/2019:22:34:41 +0000] "GET /static/categories.json HTTP/1.1" 200 181 "-" "-"
::1 - - [27/Jul/2019:22:34:41 +0000] "GET /categories HTTP/1.1" 200 211 "-" "PostmanRuntime/7.6.0"
::ffff:127.0.0.1 - - [27/Jul/2019:22:34:55 +0000] "GET /static/categories.json HTTP/1.1" 200 181 "-" "-"
::1 - - [27/Jul/2019:22:34:55 +0000] "GET /categories HTTP/1.1" 200 751 "-" "PostmanRuntime/7.6.0"
::ffff:127.0.0.1 - - [27/Jul/2019:22:35:26 +0000] "GET /static/categories.json HTTP/1.1" 200 181 "-" "-"
::1 - - [27/Jul/2019:22:35:26 +0000] "GET /categories HTTP/1.1" 200 211 "-" "PostmanRuntime/7.6.0"
::ffff:127.0.0.1 - - [27/Jul/2019:22:37:22 +0000] "GET /static/categories.json HTTP/1.1" 200 181 "-" "-"
::1 - - [27/Jul/2019:22:37:22 +0000] "GET /categories HTTP/1.1" 200 143 "-" "PostmanRuntime/7.6.0"
::1 - - [27/Jul/2019:22:37:23 +0000] "GET /categories HTTP/1.1" 200 143 "-" "PostmanRuntime/7.6.0"
::1 - - [27/Jul/2019:22:37:29 +0000] "POST /categories HTTP/1.1" 201 70 "-" "PostmanRuntime/7.6.0"
::1 - - [27/Jul/2019:22:37:32 +0000] "GET /categories HTTP/1.1" 200 214 "-" "PostmanRuntime/7.6.0"
::ffff:127.0.0.1 - - [27/Jul/2019:23:32:09 +0000] "GET /static/categories.json HTTP/1.1" 200 181 "-" "-"
::1 - - [27/Jul/2019:23:32:09 +0000] "GET /categories HTTP/1.1" 200 143 "-" "PostmanRuntime/7.6.0"
::1 - - [27/Jul/2019:23:32:26 +0000] "DELETE /categories/15a4f840-aae0-11e9-bccc-474d277300b2 HTTP/1.1" 204 - "-" "PostmanRuntime/7.6.0"
::1 - - [27/Jul/2019:23:32:30 +0000] "GET /categories HTTP/1.1" 200 74 "-" "PostmanRuntime/7.6.0"
::ffff:127.0.0.1 - - [27/Jul/2019:23:32:45 +0000] "GET /static/categories.json HTTP/1.1" 200 181 "-" "-"
::1 - - [27/Jul/2019:23:32:45 +0000] "GET /products HTTP/1.1" 200 143 "-" "PostmanRuntime/7.6.0"
::1 - - [27/Jul/2019:23:33:02 +0000] "DELETE /products/15a4f842-aae0-11e9-bccc-474d277300b2 HTTP/1.1" 204 - "-" "PostmanRuntime/7.6.0"
::1 - - [27/Jul/2019:23:33:13 +0000] "GET /products HTTP/1.1" 200 70 "-" "PostmanRuntime/7.6.0"
::1 - - [27/Jul/2019:23:36:22 +0000] "GET /static/products.json HTTP/1.1" 200 5219 "-" "PostmanRuntime/7.6.0"
::ffff:127.0.0.1 - - [27/Jul/2019:23:53:49 +0000] "GET /static/categories.json HTTP/1.1" 200 181 "-" "-"
::1 - - [27/Jul/2019:23:53:49 +0000] "GET /categories HTTP/1.1" 200 143 "-" "PostmanRuntime/7.6.0"
::ffff:127.0.0.1 - - [27/Jul/2019:23:53:49 +0000] "GET /static/categories.json HTTP/1.1" 200 181 "-" "-"
::1 - - [27/Jul/2019:23:53:49 +0000] "GET /categories/15a4f842-aae0-11e9-bccc-474d277300b2/products HTTP/1.1" 500 676 "-" "PostmanRuntime/7.6.0"
::1 - - [27/Jul/2019:23:53:49 +0000] "GET /categories/15a4f840-aae0-11e9-bccc-474d277300b2 HTTP/1.1" 200 68 "-" "PostmanRuntime/7.6.0"
::1 - - [27/Jul/2019:23:53:49 +0000] "POST /categories HTTP/1.1" 201 70 "-" "PostmanRuntime/7.6.0"
::1 - - [27/Jul/2019:23:53:49 +0000] "PUT /categories/14c03110-aca2-11e9-a38a-b5263460c861 HTTP/1.1" 404 16 "-" "PostmanRuntime/7.6.0"
::1 - - [27/Jul/2019:23:53:49 +0000] "DELETE /categories/14c03110-aca2-11e9-a38a-b5263460c861 HTTP/1.1" 404 18 "-" "PostmanRuntime/7.6.0"
::ffff:127.0.0.1 - - [28/Jul/2019:00:03:04 +0000] "GET /static/categories.json HTTP/1.1" 200 181 "-" "-"
::1 - - [28/Jul/2019:00:03:04 +0000] "GET /categories/15a4f842-aae0-11e9-bccc-474d277300b2/products HTTP/1.1" 500 676 "-" "PostmanRuntime/7.6.0"
::ffff:127.0.0.1 - - [28/Jul/2019:00:08:34 +0000] "GET /static/categories.json HTTP/1.1" 200 181 "-" "-"
::1 - - [28/Jul/2019:00:08:34 +0000] "GET /categories/15a4f842-aae0-11e9-bccc-474d277300b2/products HTTP/1.1" 500 676 "-" "PostmanRuntime/7.6.0"
::ffff:127.0.0.1 - - [28/Jul/2019:00:09:04 +0000] "GET /static/categories.json HTTP/1.1" 200 181 "-" "-"
::1 - - [28/Jul/2019:00:09:04 +0000] "GET /categories/15a4f842-aae0-11e9-bccc-474d277300b2/products HTTP/1.1" 500 676 "-" "PostmanRuntime/7.6.0"
::ffff:127.0.0.1 - - [28/Jul/2019:00:10:13 +0000] "GET /static/categories.json HTTP/1.1" 200 181 "-" "-"
::1 - - [28/Jul/2019:00:10:13 +0000] "GET /categories/15a4f842-aae0-11e9-bccc-474d277300b2/products HTTP/1.1" 500 676 "-" "PostmanRuntime/7.6.0"
::ffff:127.0.0.1 - - [28/Jul/2019:00:10:37 +0000] "GET /static/categories.json HTTP/1.1" 200 181 "-" "-"
::1 - - [28/Jul/2019:00:10:37 +0000] "GET /categories HTTP/1.1" 200 143 "-" "PostmanRuntime/7.6.0"
::ffff:127.0.0.1 - - [28/Jul/2019:00:10:48 +0000] "GET /static/categories.json HTTP/1.1" 200 181 "-" "-"
::1 - - [28/Jul/2019:00:10:48 +0000] "GET /products HTTP/1.1" 200 143 "-" "PostmanRuntime/7.6.0"
::ffff:127.0.0.1 - - [28/Jul/2019:00:11:18 +0000] "GET /static/products.json HTTP/1.1" 200 5219 "-" "-"
::1 - - [28/Jul/2019:00:11:18 +0000] "GET /products HTTP/1.1" 200 4317 "-" "PostmanRuntime/7.6.0"
::ffff:127.0.0.1 - - [28/Jul/2019:00:11:27 +0000] "GET /static/categories.json HTTP/1.1" 200 181 "-" "-"
::1 - - [28/Jul/2019:00:11:27 +0000] "GET /categories HTTP/1.1" 200 143 "-" "PostmanRuntime/7.6.0"
::ffff:127.0.0.1 - - [28/Jul/2019:00:11:31 +0000] "GET /static/products.json HTTP/1.1" 200 5219 "-" "-"
::1 - - [28/Jul/2019:00:11:31 +0000] "GET /categories/15a4f842-aae0-11e9-bccc-474d277300b2/products HTTP/1.1" 200 1462 "-" "PostmanRuntime/7.6.0"
::1 - - [28/Jul/2019:10:07:02 +0000] "GET /static/products.json HTTP/1.1" 200 5219 "-" "PostmanRuntime/7.6.0"
::1 - - [28/Jul/2019:10:07:08 +0000] "GET /static/categories.json HTTP/1.1" 200 181 "-" "PostmanRuntime/7.6.0"
::ffff:127.0.0.1 - - [28/Jul/2019:10:07:30 +0000] "GET /static/products.json HTTP/1.1" 200 5219 "-" "-"
::1 - - [28/Jul/2019:10:07:30 +0000] "GET /products HTTP/1.1" 200 4317 "-" "PostmanRuntime/7.6.0"
::1 - - [28/Jul/2019:10:07:34 +0000] "GET /products/15a4d130-aae0-11e9-bccc-474d277300b2 HTTP/1.1" 200 136 "-" "PostmanRuntime/7.6.0"
::1 - - [28/Jul/2019:10:07:38 +0000] "GET /products/15a4d130-aae0-11e9-bccc-474d277300b22 HTTP/1.1" 400 21 "-" "PostmanRuntime/7.6.0"
::1 - - [28/Jul/2019:10:07:45 +0000] "GET /products/15a4d130-aae0-11e9-bccc-474d277300b HTTP/1.1" 400 21 "-" "PostmanRuntime/7.6.0"
::1 - - [28/Jul/2019:10:07:49 +0000] "GET /products/15a4d130-aae0-11e9-bccc-474d277300b2 HTTP/1.1" 200 136 "-" "PostmanRuntime/7.6.0"
::ffff:127.0.0.1 - - [28/Jul/2019:10:08:02 +0000] "GET /static/categories.json HTTP/1.1" 200 181 "-" "-"
::1 - - [28/Jul/2019:10:08:02 +0000] "POST /products HTTP/1.1" 201 130 "-" "PostmanRuntime/7.6.0"
::1 - - [28/Jul/2019:10:08:38 +0000] "PUT /products/95aff4f0-b11f-11e9-b26d-d70a94864bf0 HTTP/1.1" 200 94 "-" "PostmanRuntime/7.6.0"
::1 - - [28/Jul/2019:10:08:53 +0000] "GET /products HTTP/1.1" 200 4412 "-" "PostmanRuntime/7.6.0"
::1 - - [28/Jul/2019:10:09:24 +0000] "DELETE /products/15a4d130-aae0-11e9-bccc-474d277300b2 HTTP/1.1" 204 - "-" "PostmanRuntime/7.6.0"
::1 - - [28/Jul/2019:10:09:27 +0000] "DELETE /products/15a4d130-aae0-11e9-bccc-474d277300b2 HTTP/1.1" 404 17 "-" "PostmanRuntime/7.6.0"
::ffff:127.0.0.1 - - [28/Jul/2019:10:09:47 +0000] "GET /static/categories.json HTTP/1.1" 200 181 "-" "-"
::1 - - [28/Jul/2019:10:09:47 +0000] "GET /categories HTTP/1.1" 200 143 "-" "PostmanRuntime/7.6.0"
::ffff:127.0.0.1 - - [28/Jul/2019:10:09:52 +0000] "GET /static/products.json HTTP/1.1" 200 5219 "-" "-"
::1 - - [28/Jul/2019:10:09:52 +0000] "GET /categories/15a4f842-aae0-11e9-bccc-474d277300b2/products HTTP/1.1" 200 1462 "-" "PostmanRuntime/7.6.0"
::1 - - [28/Jul/2019:10:10:09 +0000] "GET /categories HTTP/1.1" 200 143 "-" "PostmanRuntime/7.6.0"
::1 - - [28/Jul/2019:10:10:39 +0000] "GET /categories/15a4f840-aae0-11e9-bccc-474d277300b2/products HTTP/1.1" 200 2856 "-" "PostmanRuntime/7.6.0"
::1 - - [28/Jul/2019:10:10:53 +0000] "GET /categories/15a4f840-aae0-11e9-bccc-474d277300b2 HTTP/1.1" 200 68 "-" "PostmanRuntime/7.6.0"
::1 - - [28/Jul/2019:10:10:59 +0000] "POST /categories HTTP/1.1" 201 70 "-" "PostmanRuntime/7.6.0"
::1 - - [28/Jul/2019:10:11:15 +0000] "POST /categories HTTP/1.1" 201 57 "-" "PostmanRuntime/7.6.0"
::ffff:127.0.0.1 - - [29/Jul/2019:10:29:03 +0000] "GET /static/products.json HTTP/1.1" 200 5219 "-" "-"
::1 - - [29/Jul/2019:10:29:03 +0000] "GET /products HTTP/1.1" 200 4317 "-" "PostmanRuntime/7.6.0"
::ffff:127.0.0.1 - - [29/Jul/2019:10:30:33 +0000] "GET /static/categories.json HTTP/1.1" 200 181 "-" "-"
::1 - - [29/Jul/2019:10:30:33 +0000] "GET /categories HTTP/1.1" 200 143 "-" "PostmanRuntime/7.6.0"
::ffff:127.0.0.1 - - [29/Jul/2019:10:31:06 +0000] "GET /static/products.json HTTP/1.1" 200 5219 "-" "-"
::1 - - [29/Jul/2019:10:31:06 +0000] "GET /categories/15a4f840-aae0-11e9-bccc-474d277300b2/products HTTP/1.1" 200 2856 "-" "PostmanRuntime/7.6.0"
::1 - - [29/Jul/2019:10:31:39 +0000] "GET /categories/15a4f842-aae0-11e9-bccc-474d277300b2/products HTTP/1.1" 200 1462 "-" "PostmanRuntime/7.6.0"
::ffff:127.0.0.1 - - [31/Jul/2019:11:02:25 +0000] "GET /static/products.json HTTP/1.1" 200 5219 "-" "-"
::1 - - [31/Jul/2019:11:02:25 +0000] "GET /products HTTP/1.1" 200 4317 "-" "PostmanRuntime/7.6.0"
::1 - - [31/Jul/2019:11:02:30 +0000] "GET /products/15a4d130-aae0-11e9-bccc-474d277300b2 HTTP/1.1" 200 136 "-" "PostmanRuntime/7.6.0"
::ffff:127.0.0.1 - - [31/Jul/2019:11:02:37 +0000] "GET /static/categories.json HTTP/1.1" 200 181 "-" "-"
::1 - - [31/Jul/2019:11:02:37 +0000] "POST /products HTTP/1.1" 201 130 "-" "PostmanRuntime/7.6.0"
::1 - - [31/Jul/2019:11:03:01 +0000] "PUT /products/15a4d130-aae0-11e9-bccc-474d277300b2 HTTP/1.1" 200 128 "-" "PostmanRuntime/7.6.0"
::1 - - [31/Jul/2019:11:03:05 +0000] "GET /products HTTP/1.1" 200 4440 "-" "PostmanRuntime/7.6.0"
::1 - - [31/Jul/2019:11:03:14 +0000] "DELETE /products/15a4d130-aae0-11e9-bccc-474d277300b2 HTTP/1.1" 204 - "-" "PostmanRuntime/7.6.0"
::1 - - [31/Jul/2019:11:03:27 +0000] "GET /static/products.json HTTP/1.1" 200 5219 "-" "PostmanRuntime/7.6.0"
::1 - - [31/Jul/2019:11:03:30 +0000] "GET /static/categories.json HTTP/1.1" 200 181 "-" "PostmanRuntime/7.6.0"
::1 - - [31/Jul/2019:11:04:13 +0000] "GET /categories HTTP/1.1" 500 2638 "-" "PostmanRuntime/7.6.0"
::ffff:127.0.0.1 - - [31/Jul/2019:11:05:12 +0000] "GET /static/categories.json HTTP/1.1" 200 181 "-" "-"
::1 - - [31/Jul/2019:11:05:12 +0000] "GET /categories HTTP/1.1" 200 143 "-" "PostmanRuntime/7.6.0"
::ffff:127.0.0.1 - - [31/Jul/2019:11:05:28 +0000] "GET /static/products.json HTTP/1.1" 200 5219 "-" "-"
::1 - - [31/Jul/2019:11:05:28 +0000] "GET /products HTTP/1.1" 200 4317 "-" "PostmanRuntime/7.6.0"
::1 - - [31/Jul/2019:11:05:32 +0000] "GET /categories HTTP/1.1" 500 2638 "-" "PostmanRuntime/7.6.0"
::ffff:127.0.0.1 - - [31/Jul/2019:11:08:06 +0000] "GET /static/categories.json HTTP/1.1" 200 181 "-" "-"
::1 - - [31/Jul/2019:11:08:06 +0000] "GET /categories HTTP/1.1" 200 143 "-" "PostmanRuntime/7.6.0"
::ffff:127.0.0.1 - - [31/Jul/2019:11:09:06 +0000] "GET /static/categories.json HTTP/1.1" 200 181 "-" "-"
::1 - - [31/Jul/2019:11:09:06 +0000] "GET /categories HTTP/1.1" 200 143 "-" "PostmanRuntime/7.6.0"
::ffff:127.0.0.1 - - [31/Jul/2019:11:09:18 +0000] "GET /static/categories.json HTTP/1.1" 200 181 "-" "-"
::1 - - [31/Jul/2019:11:09:18 +0000] "GET /categories HTTP/1.1" 200 143 "-" "PostmanRuntime/7.6.0"
::1 - - [31/Jul/2019:11:09:19 +0000] "GET /categories HTTP/1.1" 200 143 "-" "PostmanRuntime/7.6.0"
::1 - - [31/Jul/2019:11:09:20 +0000] "GET /categories HTTP/1.1" 200 143 "-" "PostmanRuntime/7.6.0"
::1 - - [31/Jul/2019:11:09:21 +0000] "GET /categories HTTP/1.1" 200 143 "-" "PostmanRuntime/7.6.0"
::1 - - [31/Jul/2019:11:09:22 +0000] "GET /categories HTTP/1.1" 200 143 "-" "PostmanRuntime/7.6.0"
::1 - - [31/Jul/2019:11:09:22 +0000] "GET /categories HTTP/1.1" 200 143 "-" "PostmanRuntime/7.6.0"
::ffff:127.0.0.1 - - [31/Jul/2019:11:10:37 +0000] "GET /static/products.json HTTP/1.1" 200 5219 "-" "-"
::1 - - [31/Jul/2019:11:10:37 +0000] "GET /products HTTP/1.1" 200 4317 "-" "PostmanRuntime/7.6.0"
::1 - - [31/Jul/2019:11:10:38 +0000] "GET /products HTTP/1.1" 200 4317 "-" "PostmanRuntime/7.6.0"
::1 - - [31/Jul/2019:11:10:40 +0000] "GET /products/15a4d130-aae0-11e9-bccc-474d277300b2 HTTP/1.1" 200 136 "-" "PostmanRuntime/7.6.0"
::1 - - [31/Jul/2019:11:10:44 +0000] "GET /products/15a4d130-aae0-11e9-bccc-474d277300b23 HTTP/1.1" 400 21 "-" "PostmanRuntime/7.6.0"
::1 - - [31/Jul/2019:11:10:49 +0000] "GET /products/15a4d130-aae0-11e9-bccc-474d277300b HTTP/1.1" 400 21 "-" "PostmanRuntime/7.6.0"
::1 - - [31/Jul/2019:11:10:52 +0000] "GET /products/15a4d130-aae0-11e9-bccc-474d277300b2 HTTP/1.1" 200 136 "-" "PostmanRuntime/7.6.0"
::1 - - [31/Jul/2019:11:10:57 +0000] "GET /products/15a4d130-aae0-11e9-bccc-474d277300b1 HTTP/1.1" 404 12 "-" "PostmanRuntime/7.6.0"
::1 - - [31/Jul/2019:11:12:02 +0000] "GET /products/15a4d130-aae0-11e9-bccc-474d277300b2 HTTP/1.1" 200 136 "-" "PostmanRuntime/7.6.0"
::1 - - [31/Jul/2019:11:12:51 +0000] "DELETE /products/15a4d130-aae0-11e9-bccc-474d277300b1 HTTP/1.1" 404 17 "-" "PostmanRuntime/7.6.0"
::1 - - [31/Jul/2019:11:12:57 +0000] "DELETE /products/15a4d130-aae0-11e9-bccc-474d277300b2 HTTP/1.1" 404 17 "-" "PostmanRuntime/7.6.0"
::1 - - [31/Jul/2019:11:13:04 +0000] "DELETE /products/15a4d130-aae0-11e9-bccc-474d277300b2 HTTP/1.1" 404 17 "-" "PostmanRuntime/7.6.0"
::ffff:127.0.0.1 - - [31/Jul/2019:11:13:13 +0000] "GET /static/products.json HTTP/1.1" 200 5219 "-" "-"
::1 - - [31/Jul/2019:11:13:13 +0000] "GET /products HTTP/1.1" 200 4317 "-" "PostmanRuntime/7.6.0"
::1 - - [31/Jul/2019:11:13:28 +0000] "DELETE /products/15a4d130-aae0-11e9-bccc-474d277300b2 HTTP/1.1" 204 - "-" "PostmanRuntime/7.6.0"
::1 - - [31/Jul/2019:11:13:33 +0000] "GET /products HTTP/1.1" 200 4180 "-" "PostmanRuntime/7.6.0"
::1 - - [31/Jul/2019:11:25:15 +0000] "GET /categories/15a4f842-aae0-11e9-bccc-474d277300b2/products HTTP/1.1" 200 1462 "-" "PostmanRuntime/7.6.0"
::1 - - [31/Jul/2019:11:25:24 +0000] "GET /categories/15a4f840-aae0-11e9-bccc-474d277300b2 HTTP/1.1" 404 24 "-" "PostmanRuntime/7.6.0"
::1 - - [31/Jul/2019:11:25:47 +0000] "GET /categories/15a4f842-aae0-11e9-bccc-474d277300b2 HTTP/1.1" 404 24 "-" "PostmanRuntime/7.6.0"
::1 - - [31/Jul/2019:11:25:50 +0000] "GET /categories/15a4f842-aae0-11e9-bccc-474d277300b2 HTTP/1.1" 404 24 "-" "PostmanRuntime/7.6.0"
::1 - - [31/Jul/2019:11:26:38 +0000] "GET /categories/15a4f842-aae0-11e9-bccc-474d277300b2 HTTP/1.1" 404 24 "-" "PostmanRuntime/7.6.0"
::1 - - [31/Jul/2019:11:27:25 +0000] "GET /categories/15a4f842-aae0-11e9-bccc-474d277300b2 HTTP/1.1" 404 24 "-" "PostmanRuntime/7.6.0"
::ffff:127.0.0.1 - - [31/Jul/2019:11:28:07 +0000] "GET /static/products.json HTTP/1.1" 200 5219 "-" "-"
::1 - - [31/Jul/2019:11:28:07 +0000] "GET /categories/15a4f842-aae0-11e9-bccc-474d277300b2/products HTTP/1.1" 200 1462 "-" "PostmanRuntime/7.6.0"
::1 - - [31/Jul/2019:11:28:32 +0000] "GET /categories/15a4f842-aae0-11e9-bccc-474d277300b2 HTTP/1.1" 404 24 "-" "PostmanRuntime/7.6.0"
::ffff:127.0.0.1 - - [31/Jul/2019:11:29:01 +0000] "GET /static/categories.json HTTP/1.1" 200 181 "-" "-"
::1 - - [31/Jul/2019:11:29:01 +0000] "GET /categories HTTP/1.1" 200 143 "-" "PostmanRuntime/7.6.0"
::1 - - [31/Jul/2019:11:29:06 +0000] "GET /categories/15a4f842-aae0-11e9-bccc-474d277300b2 HTTP/1.1" 200 72 "-" "PostmanRuntime/7.6.0"
::1 - - [31/Jul/2019:11:29:57 +0000] "GET /categories/15a4f842-aae0-11e9-bccc-474d277300b2 HTTP/1.1" 200 72 "-" "PostmanRuntime/7.6.0"
::ffff:127.0.0.1 - - [31/Jul/2019:11:32:56 +0000] "GET /static/products.json HTTP/1.1" 200 5219 "-" "-"
::1 - - [31/Jul/2019:11:32:56 +0000] "GET /categories/15a4f842-aae0-11e9-bccc-474d277300b2/products HTTP/1.1" 200 1462 "-" "PostmanRuntime/7.6.0"
::ffff:127.0.0.1 - - [31/Jul/2019:11:33:20 +0000] "GET /static/products.json HTTP/1.1" 200 5219 "-" "-"
::1 - - [31/Jul/2019:11:33:20 +0000] "GET /categories/15a4f842-aae0-11e9-bccc-474d277300b2/products HTTP/1.1" 200 1462 "-" "PostmanRuntime/7.6.0"
::1 - - [31/Jul/2019:11:33:37 +0000] "GET /categories/15a4f842-aae0-11e9-bccc-474d277300b2 HTTP/1.1" 404 24 "-" "PostmanRuntime/7.6.0"
::1 - - [31/Jul/2019:11:33:59 +0000] "GET /categories/15a4f842-aae0-11e9-bccc-474d277300b2 HTTP/1.1" 404 24 "-" "PostmanRuntime/7.6.0"
::ffff:127.0.0.1 - - [31/Jul/2019:11:34:03 +0000] "GET /static/categories.json HTTP/1.1" 200 181 "-" "-"
::1 - - [31/Jul/2019:11:34:03 +0000] "GET /categories HTTP/1.1" 200 143 "-" "PostmanRuntime/7.6.0"
::1 - - [31/Jul/2019:11:34:06 +0000] "GET /categories/15a4f842-aae0-11e9-bccc-474d277300b2 HTTP/1.1" 200 72 "-" "PostmanRuntime/7.6.0"
::ffff:127.0.0.1 - - [31/Jul/2019:11:49:35 +0000] "GET /static/products.json HTTP/1.1" 200 5219 "-" "-"
::1 - - [31/Jul/2019:11:49:35 +0000] "GET /categories/15a4f842-aae0-11e9-bccc-474d277300b2/products HTTP/1.1" 200 1462 "-" "PostmanRuntime/7.6.0"
::1 - - [31/Jul/2019:11:49:48 +0000] "GET /categories/15a4f840-aae0-11e9-bccc-474d277300b2 HTTP/1.1" 404 24 "-" "PostmanRuntime/7.6.0"
::1 - - [31/Jul/2019:11:49:59 +0000] "PUT /categories/14c03110-aca2-11e9-a38a-b5263460c861 HTTP/1.1" 404 16 "-" "PostmanRuntime/7.6.0"
